<?xml version="1.0" encoding="UTF-8"?>
<!-- Generated by org.testng.reporters.JUnitReportReporter -->
<testsuite hostname="DESKTOP-7MVKVCH" failures="0" tests="1" name="testCases.TC001_LoginTest" time="2.663" errors="0" timestamp="2025-03-16T11:03:17 IST" skipped="0">
  <testcase classname="testCases.TC001_LoginTest" name="verifyLogin" time="2.663"/>
</testsuite> <!-- testCases.TC001_LoginTest -->
