<?xml version="1.0" encoding="UTF-8"?>
<!-- Generated by org.testng.reporters.JUnitReportReporter -->
<testsuite hostname="DESKTOP-7MVKVCH" failures="0" tests="2" name="testCases.TC004_AddNewEmployeeTest" time="7.799" errors="0" timestamp="2025-04-11T17:29:13 IST" skipped="0">
  <testcase classname="testCases.TC004_AddNewEmployeeTest" name="Login" time="4.280"/>
  <testcase classname="testCases.TC004_AddNewEmployeeTest" name="addNewEmp" time="3.519"/>
</testsuite> <!-- testCases.TC004_AddNewEmployeeTest -->
