<?xml version="1.0" encoding="UTF-8"?>
<!-- Generated by org.testng.reporters.JUnitReportReporter -->
<testsuite hostname="DESKTOP-7MVKVCH" failures="0" tests="1" name="testCases.TC002_Dashboard" time="14.711" errors="0" timestamp="2025-03-09T17:17:47 IST" skipped="0">
  <testcase classname="testCases.TC002_Dashboard" name="display_leaveList" time="14.711"/>
</testsuite> <!-- testCases.TC002_Dashboard -->
