<?xml version="1.0" encoding="UTF-8"?>
<!-- Generated by org.testng.reporters.JUnitReportReporter -->
<testsuite hostname="DESKTOP-7MVKVCH" failures="0" tests="1" name="testCases.TC003_InvalidCredentialTest" time="4.170" errors="0" timestamp="2025-04-11T17:30:34 IST" skipped="0">
  <testcase classname="testCases.TC003_InvalidCredentialTest" name="invalid_login" time="4.170"/>
</testsuite> <!-- testCases.TC003_InvalidCredentialTest -->
