<?xml version="1.0" encoding="UTF-8"?>
<!-- Generated by org.testng.reporters.JUnitReportReporter -->
<testsuite hostname="DESKTOP-7MVKVCH" failures="0" tests="2" name="testCases.TC004_AddNewEmployeeTest" time="10.615" errors="0" timestamp="2025-04-11T18:53:08 IST" skipped="0">
  <testcase classname="testCases.TC004_AddNewEmployeeTest" name="addNewEmp" time="6.244"/>
  <testcase classname="testCases.TC004_AddNewEmployeeTest" name="Login" time="4.371"/>
</testsuite> <!-- testCases.TC004_AddNewEmployeeTest -->
