<?xml version="1.0" encoding="UTF-8"?>
<!-- Generated by org.testng.reporters.JUnitReportReporter -->
<testsuite hostname="DESKTOP-7MVKVCH" failures="0" tests="1" name="testCases.TC002_Dashboard" time="18.020" errors="0" timestamp="2025-04-11T18:53:08 IST" skipped="0">
  <testcase classname="testCases.TC002_Dashboard" name="display_leaveList" time="18.020"/>
</testsuite> <!-- testCases.TC002_Dashboard -->
